/*C2*/SET SCHEMA PUBLIC
DELETE FROM "mendixsystem$version" WHERE "versionnumber"='4.2'
INSERT INTO "mendixsystem$version" VALUES('4.2','2019-09-11 13:30:28.831000','3.0.0','unversioned','TestDynamicEnumPicker')
COMMIT
/*C3*/SET SCHEMA PUBLIC
DELETE FROM "system$userrole" WHERE "id"=4222124650659841
INSERT INTO "system$userrole" VALUES(4222124650659841,'8dd52bfa-6d7e-453b-b506-303c0a3d9567','','Administrator')
DELETE FROM "system$userrole" WHERE "id"=4222124650659842
INSERT INTO "system$userrole" VALUES(4222124650659842,'53f5d6fa-6da9-4a71-b011-454ec052cce8','','User')
COMMIT
/*C4*/SET SCHEMA PUBLIC
DELETE FROM "system$user" WHERE "id"=5629499534213121
INSERT INTO "system$user" VALUES(5629499534213121,'2019-09-11 08:36:43.055000',TRUE,'2019-09-11 08:36:43.055000','2019-09-11 08:37:17.668000',FALSE,FALSE,0,FALSE,'demo_administrator','{BCrypt}$2a$10$coNbqgDXT7Xo9WcBLevhfug5aCuyglwKXzIFevc8B/1XBYGNfZnnO','Administration.Account',NULL,5629499534213121)
COMMIT
DELETE FROM "system$user" WHERE "id"=5629499534213122
INSERT INTO "system$user" VALUES(5629499534213122,'2019-09-11 08:36:43.594000',TRUE,'2019-09-11 08:36:43.594000','2019-09-11 11:30:58.255000',FALSE,FALSE,0,FALSE,'demo_user','{BCrypt}$2a$10$uLj8dw2ZgOg7Sz5ytVUVTO2e5y6vIOIE4F6vM.6IbEOGiC2VXZf8y','Administration.Account',NULL,5629499534213122)
COMMIT
DELETE FROM "mendixsystem$properties" WHERE "key"='Mendix.Runtime.DeploymentID'
INSERT INTO "mendixsystem$properties" VALUES('Mendix.Runtime.DeploymentID','637038116796657543')
COMMIT
DELETE FROM "system$session" WHERE "id"=4785074604083353
DELETE FROM "system$session_user" WHERE "system$sessionid"=4785074604083353 AND "system$userid"=562949953423513
COMMIT
/*C3*/DELETE FROM "system$user" WHERE "id"=562949953421313
INSERT INTO "system$user" VALUES(562949953421313,'2019-09-11 08:36:45.042000',TRUE,'2019-09-11 08:36:45.042000',NULL,FALSE,FALSE,0,FALSE,'MxAdmin','{BCrypt}$2a$10$0GPtk0vLfM7EVDGjfKhDy.aWjCHAogsrggpTjASz9h9MZQ86b80M6','System.User',NULL,562949953421313)
COMMIT
DELETE FROM "mendixsystem$entityidentifier" WHERE "id"='d4154981-8dac-4150-aec5-efa3ef62a7a2'
INSERT INTO "mendixsystem$entityidentifier" VALUES('d4154981-8dac-4150-aec5-efa3ef62a7a2',4,2501)
COMMIT
INSERT INTO "system$xasinstance" VALUES(1125899906845025,'e43e6b9e-171d-4d2c-b9e6-456c02e7f711','2019-09-11 13:14:56.013000','2019-09-11 13:14:55.943000',NULL,NULL,NULL)
COMMIT
DELETE FROM "mendixsystem$entityidentifier" WHERE "id"='282e2e60-88a5-469d-84a5-ba8d9151644f'
INSERT INTO "mendixsystem$entityidentifier" VALUES('282e2e60-88a5-469d-84a5-ba8d9151644f',2,2401)
COMMIT
INSERT INTO "system$user" VALUES(562949953423613,'2019-09-11 13:15:01.334000',TRUE,'2019-09-11 13:15:01.334000','2019-09-11 13:15:01.544000',FALSE,TRUE,0,FALSE,'Anonymous_ef02f248-ba87-4948-8d8a-3cb8c5bb4be0','{BCrypt}$2a$10$xpaaZm7cWhFAOr3mpPQaDO8mo0xmKdLVtxZuLfYyHfMM/fSDjNlDW','System.User',NULL,562949953423613)
INSERT INTO "system$userroles" VALUES(562949953423613,4222124650659842)
INSERT INTO "system$user_language" VALUES(562949953423613,6192449487634434)
COMMIT
DELETE FROM "system$user" WHERE "id"=562949953423613
INSERT INTO "system$user" VALUES(562949953423613,'2019-09-11 13:15:01.334000',TRUE,'2019-09-11 13:15:01.334000','2019-09-11 13:15:01.602000',FALSE,TRUE,0,FALSE,'Anonymous_ef02f248-ba87-4948-8d8a-3cb8c5bb4be0','{BCrypt}$2a$10$xpaaZm7cWhFAOr3mpPQaDO8mo0xmKdLVtxZuLfYyHfMM/fSDjNlDW','System.User',NULL,562949953423613)
COMMIT
/*C2*/DELETE FROM "mendixsystem$entityidentifier" WHERE "id"='37f9fd49-5318-4c63-9a51-f761779b202f'
INSERT INTO "mendixsystem$entityidentifier" VALUES('37f9fd49-5318-4c63-9a51-f761779b202f',17,2401)
COMMIT
INSERT INTO "system$session" VALUES(4785074604083453,'9081a904-856d-4576-851e-cacd31b0c651','2019-09-11 13:15:01.706000','e9091d02-2cfb-43d6-97d0-927776611248','2019-09-11 13:15:01.706000','36d5b1c5-95c6-4c43-abb8-0ddf5de22405')
INSERT INTO "system$session_user" VALUES(4785074604083453,562949953423613)
COMMIT
/*C4*/DELETE FROM "system$user" WHERE "id"=562949953423613
DELETE FROM "system$userroles" WHERE "system$userid"=562949953423613 AND "system$userroleid"=4222124650659842
DELETE FROM "system$user_language" WHERE "system$userid"=562949953423613 AND "system$languageid"=6192449487634434
DELETE FROM "system$session_user" WHERE "system$sessionid"=4785074604083453 AND "system$userid"=562949953423613
COMMIT
DELETE FROM "system$session" WHERE "id"=4785074604083453
COMMIT
/*C2*/DELETE FROM "system$user" WHERE "id"=5629499534213122
INSERT INTO "system$user" VALUES(5629499534213122,'2019-09-11 08:36:43.594000',TRUE,'2019-09-11 08:36:43.594000','2019-09-11 13:16:13.270000',FALSE,FALSE,0,FALSE,'demo_user','{BCrypt}$2a$10$uLj8dw2ZgOg7Sz5ytVUVTO2e5y6vIOIE4F6vM.6IbEOGiC2VXZf8y','Administration.Account',NULL,5629499534213122)
COMMIT
/*C4*/INSERT INTO "system$session" VALUES(4785074604083454,'e0052aa1-8084-4836-94ef-da820d9833b5','2019-09-11 13:16:13.383000','81236cff-d1b4-4f7f-849a-4de659f0ba7c','2019-09-11 13:16:13.383000','beb14905-5161-4bca-983e-cb2d0a2f174f')
INSERT INTO "system$session_user" VALUES(4785074604083454,5629499534213122)
COMMIT
DELETE FROM "system$session" WHERE "id"=4785074604083454
INSERT INTO "system$session" VALUES(4785074604083454,'e0052aa1-8084-4836-94ef-da820d9833b5','2019-09-11 13:16:13.383000','81236cff-d1b4-4f7f-849a-4de659f0ba7c','2019-09-11 13:16:31.760000','beb14905-5161-4bca-983e-cb2d0a2f174f')
COMMIT
